2025-04-28 01:53:29,853 - DEBUG - Ресурсный путь: assets/background.jpg -> C:\Users\Makar\PycharmProjects\makarlauncher\assets/background.jpg
2025-04-28 01:53:30,365 - INFO - Чтение JSON-файла: data/categories.json
2025-04-28 01:53:30,366 - INFO - Чтение JSON-файла: data/apps.json
2025-04-28 01:53:30,381 - INFO - Чтение JSON-файла: data/games.json
2025-04-28 01:53:30,387 - INFO - Чтение JSON-файла: data/sites.json
2025-04-28 01:53:30,399 - INFO - Чтение JSON-файла: data/chats.json
2025-04-28 01:53:30,403 - INFO - Чтение JSON-файла: data/settings.json
2025-04-28 01:53:30,452 - DEBUG - Меню 'main' успешно добавлено
2025-04-28 01:53:30,457 - DEBUG - Меню 'games' успешно добавлено
2025-04-28 01:53:30,461 - DEBUG - Меню 'browser' успешно добавлено
2025-04-28 01:53:30,477 - DEBUG - Меню 'chat' успешно добавлено
2025-04-28 01:53:30,487 - DEBUG - Меню 'settings' успешно добавлено
2025-04-28 01:53:30,488 - DEBUG - Ресурсный путь: assets/admin_icon.png -> C:\Users\Makar\PycharmProjects\makarlauncher\assets/admin_icon.png
2025-04-28 01:53:30,667 - DEBUG - Ресурсный путь: assets/fullscreen_icon.png -> C:\Users\Makar\PycharmProjects\makarlauncher\assets/fullscreen_icon.png
2025-04-28 01:53:30,795 - DEBUG - Переключено на экран: main
2025-04-28 01:55:22,080 - DEBUG - Ресурсный путь: assets/background.jpg -> C:\Users\Makar\PycharmProjects\makarlauncher\assets/background.jpg
2025-04-28 01:55:22,231 - INFO - Чтение JSON-файла: data/categories.json
2025-04-28 01:55:22,232 - INFO - Чтение JSON-файла: data/apps.json
2025-04-28 01:55:22,247 - INFO - Чтение JSON-файла: data/games.json
2025-04-28 01:55:22,252 - INFO - Чтение JSON-файла: data/sites.json
2025-04-28 01:55:22,259 - INFO - Чтение JSON-файла: data/chats.json
2025-04-28 01:55:22,263 - INFO - Чтение JSON-файла: data/settings.json
2025-04-28 01:55:22,297 - DEBUG - Меню 'main' успешно добавлено
2025-04-28 01:55:22,301 - DEBUG - Меню 'games' успешно добавлено
2025-04-28 01:55:22,305 - DEBUG - Меню 'browser' успешно добавлено
2025-04-28 01:55:22,313 - DEBUG - Меню 'chat' успешно добавлено
2025-04-28 01:55:22,315 - DEBUG - Меню 'settings' успешно добавлено
2025-04-28 01:55:22,315 - DEBUG - Ресурсный путь: assets/admin_icon.png -> C:\Users\Makar\PycharmProjects\makarlauncher\assets/admin_icon.png
2025-04-28 01:55:22,329 - DEBUG - Ресурсный путь: assets/fullscreen_icon.png -> C:\Users\Makar\PycharmProjects\makarlauncher\assets/fullscreen_icon.png
2025-04-28 01:55:22,348 - DEBUG - Переключено на экран: main
2025-04-28 16:48:34,995 - DEBUG - Ресурсный путь: assets/background.jpg -> C:\Users\Makar\PycharmProjects\makarlauncher\assets/background.jpg
2025-04-28 16:48:35,628 - INFO - Чтение JSON-файла: data/categories.json
2025-04-28 16:48:35,630 - INFO - Чтение JSON-файла: data/apps.json
2025-04-28 16:48:35,677 - INFO - Чтение JSON-файла: data/games.json
2025-04-28 16:48:35,691 - INFO - Чтение JSON-файла: data/sites.json
2025-04-28 16:48:35,703 - INFO - Чтение JSON-файла: data/chats.json
2025-04-28 16:48:35,714 - INFO - Чтение JSON-файла: data/settings.json
2025-04-28 16:48:35,844 - DEBUG - Меню 'main' успешно добавлено
2025-04-28 16:48:35,850 - DEBUG - Меню 'games' успешно добавлено
2025-04-28 16:48:35,856 - DEBUG - Меню 'browser' успешно добавлено
2025-04-28 16:48:35,866 - DEBUG - Меню 'chat' успешно добавлено
2025-04-28 16:48:35,871 - DEBUG - Меню 'settings' успешно добавлено
2025-04-28 16:48:35,872 - DEBUG - Ресурсный путь: assets/admin_icon.png -> C:\Users\Makar\PycharmProjects\makarlauncher\assets/admin_icon.png
2025-04-28 16:48:35,900 - DEBUG - Ресурсный путь: assets/fullscreen_icon.png -> C:\Users\Makar\PycharmProjects\makarlauncher\assets/fullscreen_icon.png
2025-04-28 16:48:35,932 - DEBUG - Переключено на экран: main
2025-04-28 16:48:38,463 - DEBUG - Ресурсный путь: assets/windowed_icon.png -> C:\Users\Makar\PycharmProjects\makarlauncher\assets/windowed_icon.png
2025-04-28 16:48:38,466 - DEBUG - Режим переключен: Оконный
2025-04-28 16:57:44,583 - DEBUG - Ресурсный путь: assets/background.jpg -> C:\Users\Makar\PycharmProjects\makarlauncher\assets/background.jpg
2025-04-28 16:57:45,320 - INFO - Чтение JSON-файла: data/categories.json
2025-04-28 16:57:45,322 - INFO - Чтение JSON-файла: data/apps.json
2025-04-28 16:57:45,364 - INFO - Чтение JSON-файла: data/games.json
2025-04-28 16:57:45,388 - INFO - Чтение JSON-файла: data/sites.json
2025-04-28 16:57:45,446 - INFO - Чтение JSON-файла: data/chats.json
2025-04-28 16:57:45,475 - INFO - Чтение JSON-файла: data/settings.json
2025-04-28 16:57:45,611 - DEBUG - Меню 'main' успешно добавлено
2025-04-28 16:57:45,615 - DEBUG - Меню 'games' успешно добавлено
2025-04-28 16:57:45,625 - DEBUG - Меню 'browser' успешно добавлено
2025-04-28 16:57:45,631 - DEBUG - Меню 'chat' успешно добавлено
2025-04-28 16:57:45,633 - DEBUG - Меню 'settings' успешно добавлено
2025-04-28 16:57:45,634 - DEBUG - Ресурсный путь: assets/admin_icon.png -> C:\Users\Makar\PycharmProjects\makarlauncher\assets/admin_icon.png
2025-04-28 16:57:45,652 - DEBUG - Ресурсный путь: assets/fullscreen_icon.png -> C:\Users\Makar\PycharmProjects\makarlauncher\assets/fullscreen_icon.png
2025-04-28 16:57:45,672 - DEBUG - Переключено на экран: main
2025-04-28 16:57:47,918 - DEBUG - Ресурсный путь: assets/windowed_icon.png -> C:\Users\Makar\PycharmProjects\makarlauncher\assets/windowed_icon.png
2025-04-28 16:57:47,919 - DEBUG - Режим переключен: Оконный
2025-04-28 17:04:56,545 - DEBUG - Ресурсный путь: assets/background.jpg -> C:\Users\Makar\PycharmProjects\makarlauncher\assets/background.jpg
2025-04-28 17:04:56,828 - INFO - Чтение JSON-файла: data/categories.json
2025-04-28 17:04:56,828 - INFO - Чтение JSON-файла: data/apps.json
2025-04-28 17:04:56,839 - INFO - Чтение JSON-файла: data/games.json
2025-04-28 17:04:56,845 - INFO - Чтение JSON-файла: data/sites.json
2025-04-28 17:04:56,849 - INFO - Чтение JSON-файла: data/chats.json
2025-04-28 17:04:56,852 - INFO - Чтение JSON-файла: data/settings.json
2025-04-28 17:04:56,893 - DEBUG - Меню 'main' успешно добавлено
2025-04-28 17:04:56,897 - DEBUG - Меню 'games' успешно добавлено
2025-04-28 17:04:56,900 - DEBUG - Меню 'browser' успешно добавлено
2025-04-28 17:04:56,905 - DEBUG - Меню 'chat' успешно добавлено
2025-04-28 17:04:56,907 - DEBUG - Меню 'settings' успешно добавлено
2025-04-28 17:04:56,908 - DEBUG - Ресурсный путь: assets/admin_icon.png -> C:\Users\Makar\PycharmProjects\makarlauncher\assets/admin_icon.png
2025-04-28 17:04:56,922 - DEBUG - Ресурсный путь: assets/fullscreen_icon.png -> C:\Users\Makar\PycharmProjects\makarlauncher\assets/fullscreen_icon.png
2025-04-28 17:04:56,942 - DEBUG - Переключено на экран: main
2025-04-28 17:04:58,728 - DEBUG - Ресурсный путь: assets/windowed_icon.png -> C:\Users\Makar\PycharmProjects\makarlauncher\assets/windowed_icon.png
2025-04-28 17:04:58,732 - DEBUG - Режим переключен: Оконный
2025-04-28 17:05:02,604 - WARNING - Неудачная попытка входа в админ-панель
2025-04-28 17:15:37,831 - DEBUG - Ресурсный путь: assets/background.jpg -> C:\Users\Makar\PycharmProjects\makarlauncher\assets/background.jpg
2025-04-28 17:15:38,055 - ERROR - Ошибка при инициализации меню: 'MainMenu' object has no attribute 'clear_layout'
2025-04-28 17:15:41,043 - DEBUG - Ресурсный путь: assets/admin_icon.png -> C:\Users\Makar\PycharmProjects\makarlauncher\assets/admin_icon.png
2025-04-28 17:15:41,066 - DEBUG - Ресурсный путь: assets/fullscreen_icon.png -> C:\Users\Makar\PycharmProjects\makarlauncher\assets/fullscreen_icon.png
2025-04-28 17:15:41,077 - ERROR - Попытка переключения на несуществующий экран: main
2025-04-28 17:15:42,745 - DEBUG - Ресурсный путь: assets/windowed_icon.png -> C:\Users\Makar\PycharmProjects\makarlauncher\assets/windowed_icon.png
2025-04-28 17:15:42,748 - DEBUG - Режим переключен: Оконный
2025-04-28 17:19:50,486 - DEBUG - Ресурсный путь: assets/background.jpg -> C:\Users\Makar\PycharmProjects\makarlauncher\assets/background.jpg
2025-04-28 17:19:50,964 - INFO - Чтение JSON-файла: data/categories.json
2025-04-28 17:19:50,994 - INFO - Чтение JSON-файла: data/games.json
2025-04-28 17:19:51,003 - INFO - Чтение JSON-файла: data/sites.json
2025-04-28 17:19:51,017 - INFO - Чтение JSON-файла: data/chats.json
2025-04-28 17:19:51,030 - INFO - Чтение JSON-файла: data/settings.json
2025-04-28 17:19:51,124 - DEBUG - Меню 'main' успешно добавлено
2025-04-28 17:19:51,133 - DEBUG - Меню 'games' успешно добавлено
2025-04-28 17:19:51,144 - DEBUG - Меню 'browser' успешно добавлено
2025-04-28 17:19:51,162 - DEBUG - Меню 'chat' успешно добавлено
2025-04-28 17:19:51,165 - DEBUG - Меню 'settings' успешно добавлено
2025-04-28 17:19:51,167 - DEBUG - Ресурсный путь: assets/admin_icon.png -> C:\Users\Makar\PycharmProjects\makarlauncher\assets/admin_icon.png
2025-04-28 17:19:51,199 - DEBUG - Ресурсный путь: assets/fullscreen_icon.png -> C:\Users\Makar\PycharmProjects\makarlauncher\assets/fullscreen_icon.png
2025-04-28 17:19:51,230 - DEBUG - Переключено на экран: main
2025-04-28 17:19:58,130 - DEBUG - Ресурсный путь: assets/windowed_icon.png -> C:\Users\Makar\PycharmProjects\makarlauncher\assets/windowed_icon.png
2025-04-28 17:19:58,132 - DEBUG - Режим переключен: Оконный
2025-04-28 17:22:07,345 - INFO - Чтение JSON-файла: data/apps.json
2025-04-28 17:22:08,514 - INFO - Чтение JSON-файла: data/categories.json
2025-04-28 17:22:08,932 - INFO - Чтение JSON-файла: data/apps.json
2025-04-28 17:22:10,213 - INFO - Чтение JSON-файла: data/categories.json
2025-04-28 17:22:10,763 - INFO - Чтение JSON-файла: data/apps.json
2025-04-28 17:22:12,082 - INFO - Чтение JSON-файла: data/categories.json
2025-04-28 17:22:12,605 - INFO - Чтение JSON-файла: data/apps.json
2025-04-28 17:22:15,744 - INFO - Чтение JSON-файла: data/categories.json
2025-04-28 17:22:16,518 - INFO - Чтение JSON-файла: data/apps.json
2025-04-28 17:22:17,176 - INFO - Чтение JSON-файла: data/categories.json
2025-04-28 17:22:17,754 - INFO - Чтение JSON-файла: data/apps.json
2025-04-28 17:22:18,142 - INFO - Чтение JSON-файла: data/categories.json
2025-04-28 17:22:18,511 - INFO - Чтение JSON-файла: data/apps.json
2025-04-28 17:22:18,877 - INFO - Чтение JSON-файла: data/categories.json
2025-04-28 17:33:07,873 - DEBUG - Ресурсный путь: assets/background.jpg -> C:\Users\Makar\PycharmProjects\makarlauncher\assets/background.jpg
2025-04-28 17:33:08,390 - INFO - Чтение JSON-файла: data/categories.json
2025-04-28 17:33:08,410 - INFO - Чтение JSON-файла: data/games.json
2025-04-28 17:33:08,422 - INFO - Чтение JSON-файла: data/sites.json
2025-04-28 17:33:08,441 - INFO - Чтение JSON-файла: data/chats.json
2025-04-28 17:33:08,451 - INFO - Чтение JSON-файла: data/settings.json
2025-04-28 17:33:08,502 - DEBUG - Меню 'main' успешно добавлено
2025-04-28 17:33:08,508 - DEBUG - Меню 'games' успешно добавлено
2025-04-28 17:33:08,514 - DEBUG - Меню 'browser' успешно добавлено
2025-04-28 17:33:08,523 - DEBUG - Меню 'chat' успешно добавлено
2025-04-28 17:33:08,527 - DEBUG - Меню 'settings' успешно добавлено
2025-04-28 17:33:08,528 - DEBUG - Ресурсный путь: assets/admin_icon.png -> C:\Users\Makar\PycharmProjects\makarlauncher\assets/admin_icon.png
2025-04-28 17:33:08,551 - DEBUG - Ресурсный путь: assets/fullscreen_icon.png -> C:\Users\Makar\PycharmProjects\makarlauncher\assets/fullscreen_icon.png
2025-04-28 17:33:08,586 - DEBUG - Переключено на экран: main
2025-04-28 17:33:12,121 - DEBUG - Ресурсный путь: assets/windowed_icon.png -> C:\Users\Makar\PycharmProjects\makarlauncher\assets/windowed_icon.png
2025-04-28 17:33:12,126 - DEBUG - Режим переключен: Оконный
2025-04-29 10:52:38,325 - DEBUG - Ресурсный путь: assets/background.jpg -> C:\Users\Makar\PycharmProjects\makarlauncher\assets/background.jpg
2025-04-29 10:52:38,555 - INFO - Чтение JSON-файла: data/categories.json
2025-04-29 10:52:38,566 - INFO - Чтение JSON-файла: data/games.json
2025-04-29 10:52:38,571 - INFO - Чтение JSON-файла: data/sites.json
2025-04-29 10:52:38,576 - INFO - Чтение JSON-файла: data/chats.json
2025-04-29 10:52:38,580 - INFO - Чтение JSON-файла: data/settings.json
2025-04-29 10:52:38,603 - DEBUG - Меню 'main' успешно добавлено
2025-04-29 10:52:38,606 - DEBUG - Меню 'games' успешно добавлено
2025-04-29 10:52:38,609 - DEBUG - Меню 'browser' успешно добавлено
2025-04-29 10:52:38,614 - DEBUG - Меню 'chat' успешно добавлено
2025-04-29 10:52:38,621 - DEBUG - Меню 'settings' успешно добавлено
2025-04-29 10:52:38,621 - DEBUG - Ресурсный путь: assets/admin_icon.png -> C:\Users\Makar\PycharmProjects\makarlauncher\assets/admin_icon.png
2025-04-29 10:52:38,639 - DEBUG - Ресурсный путь: assets/fullscreen_icon.png -> C:\Users\Makar\PycharmProjects\makarlauncher\assets/fullscreen_icon.png
2025-04-29 10:52:38,655 - DEBUG - Переключено на экран: main
2025-04-29 10:52:44,424 - DEBUG - Ресурсный путь: assets/windowed_icon.png -> C:\Users\Makar\PycharmProjects\makarlauncher\assets/windowed_icon.png
2025-04-29 10:52:44,425 - DEBUG - Режим переключен: Оконный
2025-04-29 10:53:24,292 - INFO - Чтение JSON-файла: data/apps.json
2025-04-29 10:53:25,719 - INFO - Чтение JSON-файла: data/categories.json
2025-04-29 10:53:26,218 - INFO - Чтение JSON-файла: data/apps.json
2025-04-29 10:53:27,595 - INFO - Чтение JSON-файла: data/categories.json
2025-04-29 10:53:27,942 - INFO - Чтение JSON-файла: data/apps.json
2025-04-29 10:53:29,063 - INFO - Чтение JSON-файла: data/categories.json
2025-04-29 10:53:29,682 - INFO - Чтение JSON-файла: data/apps.json
2025-04-29 10:53:30,194 - INFO - Чтение JSON-файла: data/categories.json
2025-04-29 10:53:30,700 - INFO - Чтение JSON-файла: data/apps.json
2025-04-29 10:53:31,192 - INFO - Чтение JSON-файла: data/categories.json
2025-04-29 10:53:33,873 - WARNING - Неудачная попытка входа в админ-панель
2025-04-29 11:07:48,050 - DEBUG - Ресурсный путь: assets/background.jpg -> C:\Users\Makar\PycharmProjects\makarlauncher\assets/background.jpg
2025-04-29 11:07:48,479 - INFO - Чтение JSON-файла: data/categories.json
2025-04-29 11:07:48,501 - ERROR - Ошибка при инициализации меню: cannot access local variable 'category_button' where it is not associated with a value
2025-04-29 11:07:50,518 - DEBUG - Ресурсный путь: assets/admin_icon.png -> C:\Users\Makar\PycharmProjects\makarlauncher\assets/admin_icon.png
2025-04-29 11:07:50,530 - DEBUG - Ресурсный путь: assets/fullscreen_icon.png -> C:\Users\Makar\PycharmProjects\makarlauncher\assets/fullscreen_icon.png
2025-04-29 11:07:50,540 - ERROR - Попытка переключения на несуществующий экран: main
2025-04-29 11:07:52,221 - DEBUG - Ресурсный путь: assets/windowed_icon.png -> C:\Users\Makar\PycharmProjects\makarlauncher\assets/windowed_icon.png
2025-04-29 11:07:52,222 - DEBUG - Режим переключен: Оконный
2025-04-29 11:08:43,709 - DEBUG - Ресурсный путь: assets/background.jpg -> C:\Users\Makar\PycharmProjects\makarlauncher\assets/background.jpg
2025-04-29 11:08:51,854 - INFO - Чтение JSON-файла: data/categories.json
2025-04-29 11:08:52,489 - INFO - Чтение JSON-файла: data/games.json
2025-04-29 11:08:52,575 - INFO - Чтение JSON-файла: data/sites.json
2025-04-29 11:08:52,603 - INFO - Чтение JSON-файла: data/chats.json
2025-04-29 11:08:52,608 - INFO - Чтение JSON-файла: data/settings.json
2025-04-29 11:08:52,935 - DEBUG - Меню 'main' успешно добавлено
2025-04-29 11:08:52,939 - DEBUG - Меню 'games' успешно добавлено
2025-04-29 11:08:53,031 - DEBUG - Меню 'browser' успешно добавлено
2025-04-29 11:08:53,048 - DEBUG - Меню 'chat' успешно добавлено
2025-04-29 11:08:53,052 - DEBUG - Меню 'settings' успешно добавлено
2025-04-29 11:08:53,053 - DEBUG - Ресурсный путь: assets/admin_icon.png -> C:\Users\Makar\PycharmProjects\makarlauncher\assets/admin_icon.png
2025-04-29 11:08:53,059 - DEBUG - Ресурсный путь: assets/fullscreen_icon.png -> C:\Users\Makar\PycharmProjects\makarlauncher\assets/fullscreen_icon.png
2025-04-29 11:08:54,421 - DEBUG - Переключено на экран: main
2025-04-29 11:09:03,077 - DEBUG - Ресурсный путь: assets/windowed_icon.png -> C:\Users\Makar\PycharmProjects\makarlauncher\assets/windowed_icon.png
2025-04-29 11:09:03,078 - DEBUG - Режим переключен: Оконный
2025-04-29 11:09:04,861 - INFO - Чтение JSON-файла: data/apps.json
2025-04-29 11:09:05,864 - INFO - Чтение JSON-файла: data/categories.json
2025-04-29 11:09:07,198 - INFO - Чтение JSON-файла: data/apps.json
2025-04-29 11:09:08,082 - INFO - Чтение JSON-файла: data/categories.json
2025-04-29 11:09:08,680 - INFO - Чтение JSON-файла: data/apps.json
2025-04-29 11:09:09,731 - INFO - Чтение JSON-файла: data/categories.json
2025-04-29 11:09:11,808 - INFO - Чтение JSON-файла: data/apps.json
2025-04-29 11:09:13,039 - INFO - Чтение JSON-файла: data/categories.json
2025-04-29 11:14:18,857 - DEBUG - Ресурсный путь: assets/background.jpg -> C:\Users\Makar\PycharmProjects\makarlauncher\assets/background.jpg
2025-04-29 11:14:19,223 - INFO - Чтение JSON-файла: data/categories.json
2025-04-29 11:14:19,224 - ERROR - Ошибка при инициализации меню: 'str' object has no attribute 'get'
2025-04-29 11:14:21,010 - DEBUG - Ресурсный путь: assets/admin_icon.png -> C:\Users\Makar\PycharmProjects\makarlauncher\assets/admin_icon.png
2025-04-29 11:14:21,032 - DEBUG - Ресурсный путь: assets/fullscreen_icon.png -> C:\Users\Makar\PycharmProjects\makarlauncher\assets/fullscreen_icon.png
2025-04-29 11:14:21,036 - ERROR - Попытка переключения на несуществующий экран: main
2025-04-29 11:14:23,076 - DEBUG - Ресурсный путь: assets/windowed_icon.png -> C:\Users\Makar\PycharmProjects\makarlauncher\assets/windowed_icon.png
2025-04-29 11:14:23,077 - DEBUG - Режим переключен: Оконный
2025-04-29 11:18:23,856 - DEBUG - Ресурсный путь: assets/background.jpg -> C:\Users\Makar\PycharmProjects\makarlauncher\assets/background.jpg
2025-04-29 11:18:24,187 - INFO - Чтение JSON-файла: data/categories.json
2025-04-29 11:18:24,217 - INFO - Чтение JSON-файла: data/games.json
2025-04-29 11:18:24,228 - INFO - Чтение JSON-файла: data/sites.json
2025-04-29 11:18:24,238 - INFO - Чтение JSON-файла: data/chats.json
2025-04-29 11:18:24,246 - INFO - Чтение JSON-файла: data/settings.json
2025-04-29 11:18:24,278 - DEBUG - Меню 'main' успешно добавлено
2025-04-29 11:18:24,283 - DEBUG - Меню 'games' успешно добавлено
2025-04-29 11:18:24,287 - DEBUG - Меню 'browser' успешно добавлено
2025-04-29 11:18:24,293 - DEBUG - Меню 'chat' успешно добавлено
2025-04-29 11:18:24,295 - DEBUG - Меню 'settings' успешно добавлено
2025-04-29 11:18:24,296 - DEBUG - Ресурсный путь: assets/admin_icon.png -> C:\Users\Makar\PycharmProjects\makarlauncher\assets/admin_icon.png
2025-04-29 11:18:24,303 - DEBUG - Ресурсный путь: assets/fullscreen_icon.png -> C:\Users\Makar\PycharmProjects\makarlauncher\assets/fullscreen_icon.png
2025-04-29 11:18:24,321 - DEBUG - Переключено на экран: main
2025-04-29 11:18:30,822 - DEBUG - Ресурсный путь: assets/windowed_icon.png -> C:\Users\Makar\PycharmProjects\makarlauncher\assets/windowed_icon.png
2025-04-29 11:18:30,823 - DEBUG - Режим переключен: Оконный
2025-04-29 11:18:40,328 - INFO - Чтение JSON-файла: data/apps.json
2025-04-29 11:18:42,882 - INFO - Чтение JSON-файла: data/categories.json
2025-04-29 11:21:35,101 - DEBUG - Ресурсный путь: assets/background.jpg -> C:\Users\Makar\PycharmProjects\makarlauncher\assets/background.jpg
2025-04-29 11:21:35,350 - INFO - Чтение JSON-файла: data/categories.json
2025-04-29 11:21:35,382 - INFO - Чтение JSON-файла: data/games.json
2025-04-29 11:21:35,394 - INFO - Чтение JSON-файла: data/sites.json
2025-04-29 11:21:35,418 - INFO - Чтение JSON-файла: data/chats.json
2025-04-29 11:21:35,425 - INFO - Чтение JSON-файла: data/settings.json
2025-04-29 11:21:35,450 - DEBUG - Меню 'main' успешно добавлено
2025-04-29 11:21:35,454 - DEBUG - Меню 'games' успешно добавлено
2025-04-29 11:21:35,457 - DEBUG - Меню 'browser' успешно добавлено
2025-04-29 11:21:35,462 - DEBUG - Меню 'chat' успешно добавлено
2025-04-29 11:21:35,464 - DEBUG - Меню 'settings' успешно добавлено
2025-04-29 11:21:35,465 - DEBUG - Ресурсный путь: assets/admin_icon.png -> C:\Users\Makar\PycharmProjects\makarlauncher\assets/admin_icon.png
2025-04-29 11:21:35,469 - DEBUG - Ресурсный путь: assets/fullscreen_icon.png -> C:\Users\Makar\PycharmProjects\makarlauncher\assets/fullscreen_icon.png
2025-04-29 11:21:35,483 - DEBUG - Переключено на экран: main
2025-04-29 11:21:37,334 - DEBUG - Ресурсный путь: assets/windowed_icon.png -> C:\Users\Makar\PycharmProjects\makarlauncher\assets/windowed_icon.png
2025-04-29 11:21:37,335 - DEBUG - Режим переключен: Оконный
2025-04-29 11:21:38,249 - INFO - Чтение JSON-файла: data/apps.json
2025-04-29 11:21:39,565 - INFO - Чтение JSON-файла: data/categories.json
2025-04-29 11:21:40,520 - INFO - Чтение JSON-файла: data/apps.json
2025-04-29 11:21:44,735 - INFO - Чтение JSON-файла: data/categories.json
2025-04-29 11:26:31,442 - DEBUG - Ресурсный путь: assets/background.jpg -> C:\Users\Makar\PycharmProjects\makarlauncher\assets/background.jpg
2025-04-29 11:26:31,995 - INFO - Чтение JSON-файла: data/categories.json
2025-04-29 11:26:32,054 - INFO - Чтение JSON-файла: data/games.json
2025-04-29 11:26:32,062 - INFO - Чтение JSON-файла: data/sites.json
2025-04-29 11:26:32,076 - INFO - Чтение JSON-файла: data/chats.json
2025-04-29 11:26:32,083 - INFO - Чтение JSON-файла: data/settings.json
2025-04-29 11:26:32,147 - DEBUG - Меню 'main' успешно добавлено
2025-04-29 11:26:32,151 - DEBUG - Меню 'games' успешно добавлено
2025-04-29 11:26:32,156 - DEBUG - Меню 'browser' успешно добавлено
2025-04-29 11:26:32,191 - DEBUG - Меню 'chat' успешно добавлено
2025-04-29 11:26:32,194 - DEBUG - Меню 'settings' успешно добавлено
2025-04-29 11:26:32,195 - DEBUG - Ресурсный путь: assets/admin_icon.png -> C:\Users\Makar\PycharmProjects\makarlauncher\assets/admin_icon.png
2025-04-29 11:26:32,201 - DEBUG - Ресурсный путь: assets/fullscreen_icon.png -> C:\Users\Makar\PycharmProjects\makarlauncher\assets/fullscreen_icon.png
2025-04-29 11:26:32,244 - DEBUG - Переключено на экран: main
2025-04-29 11:26:34,200 - DEBUG - Ресурсный путь: assets/windowed_icon.png -> C:\Users\Makar\PycharmProjects\makarlauncher\assets/windowed_icon.png
2025-04-29 11:26:34,201 - DEBUG - Режим переключен: Оконный
2025-04-29 11:26:35,373 - INFO - Чтение JSON-файла: data/apps.json
2025-04-29 11:26:36,246 - INFO - Чтение JSON-файла: data/categories.json
2025-04-29 11:26:36,967 - INFO - Чтение JSON-файла: data/apps.json
2025-04-29 11:26:39,736 - INFO - Чтение JSON-файла: data/categories.json
2025-04-29 11:26:40,406 - INFO - Чтение JSON-файла: data/apps.json
2025-04-29 11:26:43,332 - INFO - Чтение JSON-файла: data/categories.json
2025-04-29 11:27:30,245 - DEBUG - Ресурсный путь: assets/background.jpg -> C:\Users\Makar\PycharmProjects\makarlauncher\assets/background.jpg
2025-04-29 11:27:30,683 - INFO - Чтение JSON-файла: data/categories.json
2025-04-29 11:27:30,749 - INFO - Чтение JSON-файла: data/games.json
2025-04-29 11:27:30,755 - INFO - Чтение JSON-файла: data/sites.json
2025-04-29 11:27:30,761 - INFO - Чтение JSON-файла: data/chats.json
2025-04-29 11:27:30,766 - INFO - Чтение JSON-файла: data/settings.json
2025-04-29 11:27:30,784 - DEBUG - Меню 'main' успешно добавлено
2025-04-29 11:27:30,788 - DEBUG - Меню 'games' успешно добавлено
2025-04-29 11:27:30,792 - DEBUG - Меню 'browser' успешно добавлено
2025-04-29 11:27:30,797 - DEBUG - Меню 'chat' успешно добавлено
2025-04-29 11:27:30,800 - DEBUG - Меню 'settings' успешно добавлено
2025-04-29 11:27:30,801 - DEBUG - Ресурсный путь: assets/admin_icon.png -> C:\Users\Makar\PycharmProjects\makarlauncher\assets/admin_icon.png
2025-04-29 11:27:30,806 - DEBUG - Ресурсный путь: assets/fullscreen_icon.png -> C:\Users\Makar\PycharmProjects\makarlauncher\assets/fullscreen_icon.png
2025-04-29 11:27:30,822 - DEBUG - Переключено на экран: main
2025-04-29 11:33:46,129 - INFO - Чтение JSON-файла: C:\Users\Makar\PycharmProjects\makarlauncher\data/admins.json
2025-04-29 11:33:46,132 - DEBUG - Ресурсный путь: assets/background.jpg -> C:\Users\Makar\PycharmProjects\makarlauncher\assets/background.jpg
2025-04-29 11:33:46,706 - INFO - Чтение JSON-файла: data/categories.json
2025-04-29 11:33:46,734 - INFO - Чтение JSON-файла: data/games.json
2025-04-29 11:33:46,741 - INFO - Чтение JSON-файла: data/sites.json
2025-04-29 11:33:46,750 - INFO - Чтение JSON-файла: data/chats.json
2025-04-29 11:33:46,756 - INFO - Чтение JSON-файла: data/settings.json
2025-04-29 11:33:46,785 - DEBUG - Меню 'main' успешно добавлено
2025-04-29 11:33:46,790 - DEBUG - Меню 'games' успешно добавлено
2025-04-29 11:33:46,795 - DEBUG - Меню 'browser' успешно добавлено
2025-04-29 11:33:46,801 - DEBUG - Меню 'chat' успешно добавлено
2025-04-29 11:33:46,804 - DEBUG - Меню 'settings' успешно добавлено
2025-04-29 11:33:46,805 - DEBUG - Ресурсный путь: assets/admin_icon.png -> C:\Users\Makar\PycharmProjects\makarlauncher\assets/admin_icon.png
2025-04-29 11:33:46,810 - DEBUG - Ресурсный путь: assets/fullscreen_icon.png -> C:\Users\Makar\PycharmProjects\makarlauncher\assets/fullscreen_icon.png
2025-04-29 11:33:46,829 - DEBUG - Переключено на экран: main
2025-04-29 11:33:48,832 - DEBUG - Ресурсный путь: assets/windowed_icon.png -> C:\Users\Makar\PycharmProjects\makarlauncher\assets/windowed_icon.png
2025-04-29 11:33:48,833 - DEBUG - Режим переключен: Оконный
2025-04-29 11:33:59,902 - INFO - Чтение JSON-файла: C:\Users\Makar\PycharmProjects\makarlauncher\data/admins.json
2025-04-29 11:34:02,908 - INFO - Чтение JSON-файла: C:\Users\Makar\PycharmProjects\makarlauncher\data/admins.json
2025-04-29 11:34:15,566 - INFO - Чтение JSON-файла: C:\Users\Makar\PycharmProjects\makarlauncher\data/admins.json
2025-04-29 11:34:30,931 - INFO - Чтение JSON-файла: C:\Users\Makar\PycharmProjects\makarlauncher\data/admins.json
2025-04-29 11:34:35,163 - WARNING - Неудачная попытка входа в админ-панель
2025-04-29 11:41:08,397 - INFO - Чтение JSON-файла: data/apps.json
2025-04-29 11:41:09,357 - INFO - Чтение JSON-файла: data/categories.json
2025-04-29 11:42:09,970 - INFO - Чтение JSON-файла: C:\Users\Makar\PycharmProjects\makarlauncher\data/admins.json
2025-04-29 11:42:20,822 - INFO - Чтение JSON-файла: C:\Users\Makar\PycharmProjects\makarlauncher\data/admins.json
2025-04-29 11:42:24,958 - WARNING - Неудачная попытка входа в админ-панель
2025-04-29 11:43:04,412 - INFO - Чтение JSON-файла: C:\Users\Makar\PycharmProjects\makarlauncher\data/admins.json
2025-04-29 11:43:04,414 - DEBUG - Ресурсный путь: assets/background.jpg -> C:\Users\Makar\PycharmProjects\makarlauncher\assets/background.jpg
2025-04-29 11:43:05,120 - INFO - Чтение JSON-файла: data/categories.json
2025-04-29 11:43:05,164 - INFO - Чтение JSON-файла: data/games.json
2025-04-29 11:43:05,173 - INFO - Чтение JSON-файла: data/sites.json
2025-04-29 11:43:05,190 - INFO - Чтение JSON-файла: data/chats.json
2025-04-29 11:43:05,199 - INFO - Чтение JSON-файла: data/settings.json
2025-04-29 11:43:05,238 - DEBUG - Меню 'main' успешно добавлено
2025-04-29 11:43:05,244 - DEBUG - Меню 'games' успешно добавлено
2025-04-29 11:43:05,248 - DEBUG - Меню 'browser' успешно добавлено
2025-04-29 11:43:05,258 - DEBUG - Меню 'chat' успешно добавлено
2025-04-29 11:43:05,261 - DEBUG - Меню 'settings' успешно добавлено
2025-04-29 11:43:05,262 - DEBUG - Ресурсный путь: assets/admin_icon.png -> C:\Users\Makar\PycharmProjects\makarlauncher\assets/admin_icon.png
2025-04-29 11:43:05,269 - DEBUG - Ресурсный путь: assets/fullscreen_icon.png -> C:\Users\Makar\PycharmProjects\makarlauncher\assets/fullscreen_icon.png
2025-04-29 11:43:05,292 - DEBUG - Переключено на экран: main
2025-04-29 11:43:07,717 - DEBUG - Ресурсный путь: assets/windowed_icon.png -> C:\Users\Makar\PycharmProjects\makarlauncher\assets/windowed_icon.png
2025-04-29 11:43:07,718 - DEBUG - Режим переключен: Оконный
2025-04-29 11:43:17,003 - INFO - Чтение JSON-файла: C:\Users\Makar\PycharmProjects\makarlauncher\data/admins.json
2025-04-29 11:43:19,761 - WARNING - Неудачная попытка входа в админ-панель
2025-04-29 11:49:31,344 - INFO - Чтение JSON-файла: C:\Users\Makar\PycharmProjects\makarlauncher\data/admins.json
2025-04-29 11:49:31,346 - INFO - Чтение JSON-файла: C:\Users\Makar\PycharmProjects\makarlauncher\data/admins.json
2025-04-29 11:49:33,149 - INFO - Данные успешно сохранены в файл: C:\Users\Makar\PycharmProjects\makarlauncher\data/admins.json
2025-04-29 11:49:33,150 - DEBUG - Ресурсный путь: assets/background.jpg -> C:\Users\Makar\PycharmProjects\makarlauncher\assets/background.jpg
2025-04-29 11:49:33,279 - INFO - Чтение JSON-файла: data/categories.json
2025-04-29 11:49:33,295 - INFO - Чтение JSON-файла: data/games.json
2025-04-29 11:49:33,298 - INFO - Чтение JSON-файла: data/sites.json
2025-04-29 11:49:33,302 - INFO - Чтение JSON-файла: data/chats.json
2025-04-29 11:49:33,305 - INFO - Чтение JSON-файла: data/settings.json
2025-04-29 11:49:33,320 - DEBUG - Меню 'main' успешно добавлено
2025-04-29 11:49:33,323 - DEBUG - Меню 'games' успешно добавлено
2025-04-29 11:49:33,325 - DEBUG - Меню 'browser' успешно добавлено
2025-04-29 11:49:33,328 - DEBUG - Меню 'chat' успешно добавлено
2025-04-29 11:49:33,330 - DEBUG - Меню 'settings' успешно добавлено
2025-04-29 11:49:33,330 - DEBUG - Ресурсный путь: assets/admin_icon.png -> C:\Users\Makar\PycharmProjects\makarlauncher\assets/admin_icon.png
2025-04-29 11:49:33,333 - DEBUG - Ресурсный путь: assets/fullscreen_icon.png -> C:\Users\Makar\PycharmProjects\makarlauncher\assets/fullscreen_icon.png
2025-04-29 11:49:33,343 - DEBUG - Переключено на экран: main
2025-04-29 11:49:35,386 - DEBUG - Ресурсный путь: assets/windowed_icon.png -> C:\Users\Makar\PycharmProjects\makarlauncher\assets/windowed_icon.png
2025-04-29 11:49:35,388 - DEBUG - Режим переключен: Оконный
2025-04-29 11:49:48,540 - INFO - Чтение JSON-файла: C:\Users\Makar\PycharmProjects\makarlauncher\data/admins.json
2025-04-29 11:49:50,313 - DEBUG - Админ-панель инициализирована
2025-04-29 11:49:50,336 - INFO - Успешный вход в админ-панель
2025-04-29 11:51:09,772 - INFO - Чтение JSON-файла: C:\Users\Makar\PycharmProjects\makarlauncher\data/admins.json
2025-04-29 11:51:09,778 - DEBUG - Ресурсный путь: assets/background.jpg -> C:\Users\Makar\PycharmProjects\makarlauncher\assets/background.jpg
2025-04-29 11:51:10,219 - INFO - Чтение JSON-файла: data/categories.json
2025-04-29 11:51:10,316 - INFO - Чтение JSON-файла: data/games.json
2025-04-29 11:51:10,321 - INFO - Чтение JSON-файла: data/sites.json
2025-04-29 11:51:10,326 - INFO - Чтение JSON-файла: data/chats.json
2025-04-29 11:51:10,331 - INFO - Чтение JSON-файла: data/settings.json
2025-04-29 11:51:10,348 - DEBUG - Меню 'main' успешно добавлено
2025-04-29 11:51:10,352 - DEBUG - Меню 'games' успешно добавлено
2025-04-29 11:51:10,355 - DEBUG - Меню 'browser' успешно добавлено
2025-04-29 11:51:10,359 - DEBUG - Меню 'chat' успешно добавлено
2025-04-29 11:51:10,361 - DEBUG - Меню 'settings' успешно добавлено
2025-04-29 11:51:10,362 - DEBUG - Ресурсный путь: assets/admin_icon.png -> C:\Users\Makar\PycharmProjects\makarlauncher\assets/admin_icon.png
2025-04-29 11:51:10,366 - DEBUG - Ресурсный путь: assets/fullscreen_icon.png -> C:\Users\Makar\PycharmProjects\makarlauncher\assets/fullscreen_icon.png
2025-04-29 11:51:10,378 - DEBUG - Переключено на экран: main
2025-04-29 11:51:16,330 - DEBUG - Ресурсный путь: assets/windowed_icon.png -> C:\Users\Makar\PycharmProjects\makarlauncher\assets/windowed_icon.png
2025-04-29 11:51:16,332 - DEBUG - Режим переключен: Оконный
2025-04-29 11:51:24,870 - INFO - Чтение JSON-файла: C:\Users\Makar\PycharmProjects\makarlauncher\data/admins.json
2025-04-29 11:51:27,532 - INFO - Чтение JSON-файла: C:\Users\Makar\PycharmProjects\makarlauncher\data/admins.json
2025-04-29 11:51:34,839 - INFO - Чтение JSON-файла: C:\Users\Makar\PycharmProjects\makarlauncher\data/admins.json
2025-04-29 11:51:36,318 - DEBUG - Админ-панель инициализирована
2025-04-29 11:51:36,337 - INFO - Успешный вход в админ-панель
2025-04-29 11:56:14,003 - INFO - Чтение JSON-файла: C:\Users\Makar\PycharmProjects\makarlauncher\data/admins.json
2025-04-29 11:56:14,004 - DEBUG - Ресурсный путь: assets/background.jpg -> C:\Users\Makar\PycharmProjects\makarlauncher\assets/background.jpg
2025-04-29 11:56:14,157 - INFO - Чтение JSON-файла: data/categories.json
2025-04-29 11:56:14,173 - INFO - Чтение JSON-файла: data/games.json
2025-04-29 11:56:14,177 - INFO - Чтение JSON-файла: data/sites.json
2025-04-29 11:56:14,181 - INFO - Чтение JSON-файла: data/chats.json
2025-04-29 11:56:14,184 - INFO - Чтение JSON-файла: data/settings.json
2025-04-29 11:56:14,201 - DEBUG - Меню 'main' успешно добавлено
2025-04-29 11:56:14,204 - DEBUG - Меню 'games' успешно добавлено
2025-04-29 11:56:14,206 - DEBUG - Меню 'browser' успешно добавлено
2025-04-29 11:56:14,210 - DEBUG - Меню 'chat' успешно добавлено
2025-04-29 11:56:14,212 - DEBUG - Меню 'settings' успешно добавлено
2025-04-29 11:56:14,212 - DEBUG - Ресурсный путь: assets/admin_icon.png -> C:\Users\Makar\PycharmProjects\makarlauncher\assets/admin_icon.png
2025-04-29 11:56:14,216 - DEBUG - Ресурсный путь: assets/fullscreen_icon.png -> C:\Users\Makar\PycharmProjects\makarlauncher\assets/fullscreen_icon.png
2025-04-29 11:56:14,231 - DEBUG - Переключено на экран: main
2025-04-29 11:56:31,514 - INFO - Чтение JSON-файла: C:\Users\Makar\PycharmProjects\makarlauncher\data/admins.json
2025-04-29 11:56:32,988 - DEBUG - Админ-панель инициализирована
2025-04-29 11:56:33,008 - INFO - Успешный вход в админ-панель
2025-04-29 11:57:06,990 - INFO - Чтение JSON-файла: C:\Users\Makar\PycharmProjects\makarlauncher\data/admins.json
2025-04-29 11:57:06,994 - DEBUG - Ресурсный путь: assets/background.jpg -> C:\Users\Makar\PycharmProjects\makarlauncher\assets/background.jpg
2025-04-29 11:57:07,400 - INFO - Чтение JSON-файла: data/categories.json
2025-04-29 11:57:07,459 - INFO - Чтение JSON-файла: data/games.json
2025-04-29 11:57:07,464 - INFO - Чтение JSON-файла: data/sites.json
2025-04-29 11:57:07,469 - INFO - Чтение JSON-файла: data/chats.json
2025-04-29 11:57:07,472 - INFO - Чтение JSON-файла: data/settings.json
2025-04-29 11:57:07,488 - DEBUG - Меню 'main' успешно добавлено
2025-04-29 11:57:07,491 - DEBUG - Меню 'games' успешно добавлено
2025-04-29 11:57:07,494 - DEBUG - Меню 'browser' успешно добавлено
2025-04-29 11:57:07,498 - DEBUG - Меню 'chat' успешно добавлено
2025-04-29 11:57:07,500 - DEBUG - Меню 'settings' успешно добавлено
2025-04-29 11:57:07,501 - DEBUG - Ресурсный путь: assets/admin_icon.png -> C:\Users\Makar\PycharmProjects\makarlauncher\assets/admin_icon.png
2025-04-29 11:57:07,505 - DEBUG - Ресурсный путь: assets/fullscreen_icon.png -> C:\Users\Makar\PycharmProjects\makarlauncher\assets/fullscreen_icon.png
2025-04-29 11:57:07,516 - DEBUG - Переключено на экран: main
2025-04-29 11:57:08,772 - DEBUG - Ресурсный путь: assets/windowed_icon.png -> C:\Users\Makar\PycharmProjects\makarlauncher\assets/windowed_icon.png
2025-04-29 11:57:08,774 - DEBUG - Режим переключен: Оконный
2025-04-29 11:57:19,111 - INFO - Чтение JSON-файла: C:\Users\Makar\PycharmProjects\makarlauncher\data/admins.json
2025-04-29 11:57:20,599 - DEBUG - Админ-панель инициализирована
2025-04-29 11:57:20,618 - INFO - Успешный вход в админ-панель
2025-04-29 12:01:50,674 - INFO - Чтение JSON-файла: C:\Users\Makar\PycharmProjects\makarlauncher\data/admins.json
2025-04-29 12:01:50,679 - DEBUG - Ресурсный путь: assets/background.jpg -> C:\Users\Makar\PycharmProjects\makarlauncher\assets/background.jpg
2025-04-29 12:01:51,077 - INFO - Чтение JSON-файла: data/categories.json
2025-04-29 12:01:51,136 - INFO - Чтение JSON-файла: data/games.json
2025-04-29 12:01:51,141 - INFO - Чтение JSON-файла: data/sites.json
2025-04-29 12:01:51,146 - INFO - Чтение JSON-файла: data/chats.json
2025-04-29 12:01:51,150 - INFO - Чтение JSON-файла: data/settings.json
2025-04-29 12:01:51,166 - DEBUG - Меню 'main' успешно добавлено
2025-04-29 12:01:51,169 - DEBUG - Меню 'games' успешно добавлено
2025-04-29 12:01:51,172 - DEBUG - Меню 'browser' успешно добавлено
2025-04-29 12:01:51,176 - DEBUG - Меню 'chat' успешно добавлено
2025-04-29 12:01:51,178 - DEBUG - Меню 'settings' успешно добавлено
2025-04-29 12:01:51,179 - DEBUG - Ресурсный путь: assets/admin_icon.png -> C:\Users\Makar\PycharmProjects\makarlauncher\assets/admin_icon.png
2025-04-29 12:01:51,183 - DEBUG - Ресурсный путь: assets/fullscreen_icon.png -> C:\Users\Makar\PycharmProjects\makarlauncher\assets/fullscreen_icon.png
2025-04-29 12:01:51,193 - DEBUG - Переключено на экран: main
2025-04-29 12:01:52,695 - DEBUG - Ресурсный путь: assets/windowed_icon.png -> C:\Users\Makar\PycharmProjects\makarlauncher\assets/windowed_icon.png
2025-04-29 12:01:52,697 - DEBUG - Режим переключен: Оконный
2025-04-29 12:02:07,850 - INFO - Чтение JSON-файла: C:\Users\Makar\PycharmProjects\makarlauncher\data/admins.json
2025-04-29 12:02:09,341 - DEBUG - Админ-панель инициализирована
2025-04-29 12:02:09,362 - INFO - Успешный вход в админ-панель
2025-04-29 12:03:07,711 - INFO - Чтение JSON-файла: C:\Users\Makar\PycharmProjects\makarlauncher\data/admins.json
2025-04-29 12:03:07,713 - DEBUG - Ресурсный путь: assets/background.jpg -> C:\Users\Makar\PycharmProjects\makarlauncher\assets/background.jpg
2025-04-29 12:03:08,019 - INFO - Чтение JSON-файла: data/categories.json
2025-04-29 12:03:08,063 - INFO - Чтение JSON-файла: data/games.json
2025-04-29 12:03:08,072 - INFO - Чтение JSON-файла: data/sites.json
2025-04-29 12:03:08,081 - INFO - Чтение JSON-файла: data/chats.json
2025-04-29 12:03:08,089 - INFO - Чтение JSON-файла: data/settings.json
2025-04-29 12:03:08,112 - DEBUG - Меню 'main' успешно добавлено
2025-04-29 12:03:08,114 - DEBUG - Меню 'games' успешно добавлено
2025-04-29 12:03:08,117 - DEBUG - Меню 'browser' успешно добавлено
2025-04-29 12:03:08,121 - DEBUG - Меню 'chat' успешно добавлено
2025-04-29 12:03:08,122 - DEBUG - Меню 'settings' успешно добавлено
2025-04-29 12:03:08,123 - DEBUG - Ресурсный путь: assets/admin_icon.png -> C:\Users\Makar\PycharmProjects\makarlauncher\assets/admin_icon.png
2025-04-29 12:03:08,127 - DEBUG - Ресурсный путь: assets/fullscreen_icon.png -> C:\Users\Makar\PycharmProjects\makarlauncher\assets/fullscreen_icon.png
2025-04-29 12:03:08,138 - DEBUG - Переключено на экран: main
2025-04-29 12:03:09,403 - DEBUG - Ресурсный путь: assets/windowed_icon.png -> C:\Users\Makar\PycharmProjects\makarlauncher\assets/windowed_icon.png
2025-04-29 12:03:09,404 - DEBUG - Режим переключен: Оконный
2025-04-29 12:03:18,578 - INFO - Чтение JSON-файла: C:\Users\Makar\PycharmProjects\makarlauncher\data/admins.json
2025-04-29 12:03:20,048 - DEBUG - Админ-панель инициализирована
2025-04-29 12:03:20,071 - INFO - Успешный вход в админ-панель
2025-04-29 12:10:18,665 - INFO - Чтение JSON-файла: C:\Users\Makar\PycharmProjects\makarlauncher\data/admins.json
2025-04-29 12:10:18,672 - DEBUG - Ресурсный путь: assets/background.jpg -> C:\Users\Makar\PycharmProjects\makarlauncher\assets/background.jpg
2025-04-29 12:10:19,368 - INFO - Чтение JSON-файла: data/categories.json
2025-04-29 12:10:19,427 - INFO - Чтение JSON-файла: data/games.json
2025-04-29 12:10:19,432 - INFO - Чтение JSON-файла: data/sites.json
2025-04-29 12:10:19,441 - INFO - Чтение JSON-файла: data/chats.json
2025-04-29 12:10:19,447 - INFO - Чтение JSON-файла: data/settings.json
2025-04-29 12:10:19,465 - DEBUG - Меню 'main' успешно добавлено
2025-04-29 12:10:19,468 - DEBUG - Меню 'games' успешно добавлено
2025-04-29 12:10:19,471 - DEBUG - Меню 'browser' успешно добавлено
2025-04-29 12:10:19,476 - DEBUG - Меню 'chat' успешно добавлено
2025-04-29 12:10:19,478 - DEBUG - Меню 'settings' успешно добавлено
2025-04-29 12:10:19,479 - DEBUG - Ресурсный путь: assets/admin_icon.png -> C:\Users\Makar\PycharmProjects\makarlauncher\assets/admin_icon.png
2025-04-29 12:10:19,484 - DEBUG - Ресурсный путь: assets/fullscreen_icon.png -> C:\Users\Makar\PycharmProjects\makarlauncher\assets/fullscreen_icon.png
2025-04-29 12:10:19,497 - DEBUG - Переключено на экран: main
2025-04-29 12:10:21,193 - DEBUG - Ресурсный путь: assets/windowed_icon.png -> C:\Users\Makar\PycharmProjects\makarlauncher\assets/windowed_icon.png
2025-04-29 12:10:21,195 - DEBUG - Режим переключен: Оконный
2025-04-29 12:10:30,325 - INFO - Чтение JSON-файла: C:\Users\Makar\PycharmProjects\makarlauncher\data/admins.json
2025-04-29 12:10:31,814 - DEBUG - Админ-панель инициализирована
2025-04-29 12:10:31,833 - INFO - Успешный вход в админ-панель
2025-04-29 12:19:37,288 - INFO - Чтение JSON-файла: C:\Users\Makar\PycharmProjects\makarlauncher\data/admins.json
2025-04-29 12:19:37,290 - DEBUG - Ресурсный путь: assets/background.jpg -> C:\Users\Makar\PycharmProjects\makarlauncher\assets/background.jpg
2025-04-29 12:19:37,531 - INFO - Чтение JSON-файла: data/categories.json
2025-04-29 12:19:37,556 - INFO - Чтение JSON-файла: data/games.json
2025-04-29 12:19:37,563 - INFO - Чтение JSON-файла: data/sites.json
2025-04-29 12:19:37,570 - INFO - Чтение JSON-файла: data/chats.json
2025-04-29 12:19:37,576 - INFO - Чтение JSON-файла: data/settings.json
2025-04-29 12:19:37,613 - DEBUG - Меню 'main' успешно добавлено
2025-04-29 12:19:37,616 - DEBUG - Меню 'games' успешно добавлено
2025-04-29 12:19:37,619 - DEBUG - Меню 'browser' успешно добавлено
2025-04-29 12:19:37,624 - DEBUG - Меню 'chat' успешно добавлено
2025-04-29 12:19:37,626 - DEBUG - Меню 'settings' успешно добавлено
2025-04-29 12:19:37,627 - DEBUG - Ресурсный путь: assets/admin_icon.png -> C:\Users\Makar\PycharmProjects\makarlauncher\assets/admin_icon.png
2025-04-29 12:19:37,632 - DEBUG - Ресурсный путь: assets/fullscreen_icon.png -> C:\Users\Makar\PycharmProjects\makarlauncher\assets/fullscreen_icon.png
2025-04-29 12:19:37,648 - DEBUG - Переключено на экран: main
2025-04-29 12:19:43,008 - INFO - Чтение JSON-файла: C:\Users\Makar\PycharmProjects\makarlauncher\data/admins.json
2025-04-29 12:19:43,012 - DEBUG - Ресурсный путь: assets/background.jpg -> C:\Users\Makar\PycharmProjects\makarlauncher\assets/background.jpg
2025-04-29 12:19:43,406 - INFO - Чтение JSON-файла: data/categories.json
2025-04-29 12:19:43,468 - INFO - Чтение JSON-файла: data/games.json
2025-04-29 12:19:43,474 - INFO - Чтение JSON-файла: data/sites.json
2025-04-29 12:19:43,479 - INFO - Чтение JSON-файла: data/chats.json
2025-04-29 12:19:43,484 - INFO - Чтение JSON-файла: data/settings.json
2025-04-29 12:19:43,500 - DEBUG - Меню 'main' успешно добавлено
2025-04-29 12:19:43,503 - DEBUG - Меню 'games' успешно добавлено
2025-04-29 12:19:43,506 - DEBUG - Меню 'browser' успешно добавлено
2025-04-29 12:19:43,510 - DEBUG - Меню 'chat' успешно добавлено
2025-04-29 12:19:43,512 - DEBUG - Меню 'settings' успешно добавлено
2025-04-29 12:19:43,513 - DEBUG - Ресурсный путь: assets/admin_icon.png -> C:\Users\Makar\PycharmProjects\makarlauncher\assets/admin_icon.png
2025-04-29 12:19:43,517 - DEBUG - Ресурсный путь: assets/fullscreen_icon.png -> C:\Users\Makar\PycharmProjects\makarlauncher\assets/fullscreen_icon.png
2025-04-29 12:19:43,528 - DEBUG - Переключено на экран: main
2025-04-29 12:19:45,297 - DEBUG - Ресурсный путь: assets/windowed_icon.png -> C:\Users\Makar\PycharmProjects\makarlauncher\assets/windowed_icon.png
2025-04-29 12:19:45,299 - DEBUG - Режим переключен: Оконный
2025-04-29 12:19:53,444 - INFO - Чтение JSON-файла: C:\Users\Makar\PycharmProjects\makarlauncher\data/admins.json
2025-04-29 12:19:54,940 - DEBUG - Админ-панель инициализирована
2025-04-29 12:19:54,959 - INFO - Успешный вход в админ-панель
2025-04-29 12:25:06,001 - INFO - Чтение JSON-файла: C:\Users\Makar\PycharmProjects\makarlauncher\data/admins.json
2025-04-29 12:25:06,007 - DEBUG - Ресурсный путь: assets/background.jpg -> C:\Users\Makar\PycharmProjects\makarlauncher\assets/background.jpg
2025-04-29 12:25:06,665 - INFO - Чтение JSON-файла: data/categories.json
2025-04-29 12:25:06,739 - INFO - Чтение JSON-файла: data/games.json
2025-04-29 12:25:06,744 - INFO - Чтение JSON-файла: data/sites.json
2025-04-29 12:25:06,749 - INFO - Чтение JSON-файла: data/chats.json
2025-04-29 12:25:06,753 - INFO - Чтение JSON-файла: data/settings.json
2025-04-29 12:25:06,769 - DEBUG - Меню 'main' успешно добавлено
2025-04-29 12:25:06,773 - DEBUG - Меню 'games' успешно добавлено
2025-04-29 12:25:06,776 - DEBUG - Меню 'browser' успешно добавлено
2025-04-29 12:25:06,780 - DEBUG - Меню 'chat' успешно добавлено
2025-04-29 12:25:06,782 - DEBUG - Меню 'settings' успешно добавлено
2025-04-29 12:25:06,783 - DEBUG - Ресурсный путь: assets/admin_icon.png -> C:\Users\Makar\PycharmProjects\makarlauncher\assets/admin_icon.png
2025-04-29 12:25:06,787 - DEBUG - Ресурсный путь: assets/fullscreen_icon.png -> C:\Users\Makar\PycharmProjects\makarlauncher\assets/fullscreen_icon.png
2025-04-29 12:25:06,799 - DEBUG - Переключено на экран: main
2025-04-29 12:25:08,328 - DEBUG - Ресурсный путь: assets/windowed_icon.png -> C:\Users\Makar\PycharmProjects\makarlauncher\assets/windowed_icon.png
2025-04-29 12:25:08,331 - DEBUG - Режим переключен: Оконный
2025-04-29 12:25:19,140 - INFO - Чтение JSON-файла: C:\Users\Makar\PycharmProjects\makarlauncher\data/admins.json
2025-04-29 12:25:20,635 - DEBUG - Админ-панель инициализирована
2025-04-29 12:25:20,654 - INFO - Успешный вход в админ-панель
2025-04-29 12:30:14,272 - INFO - Чтение JSON-файла: C:\Users\Makar\PycharmProjects\makarlauncher\data/admins.json
2025-04-29 12:30:14,273 - DEBUG - Ресурсный путь: assets/background.jpg -> C:\Users\Makar\PycharmProjects\makarlauncher\assets/background.jpg
2025-04-29 12:30:14,433 - INFO - Чтение JSON-файла: data/categories.json
2025-04-29 12:30:14,451 - INFO - Чтение JSON-файла: data/games.json
2025-04-29 12:30:14,458 - INFO - Чтение JSON-файла: data/sites.json
2025-04-29 12:30:14,463 - INFO - Чтение JSON-файла: data/chats.json
2025-04-29 12:30:14,468 - INFO - Чтение JSON-файла: data/settings.json
2025-04-29 12:30:14,498 - DEBUG - Меню 'main' успешно добавлено
2025-04-29 12:30:14,501 - DEBUG - Меню 'games' успешно добавлено
2025-04-29 12:30:14,506 - DEBUG - Меню 'browser' успешно добавлено
2025-04-29 12:30:14,510 - DEBUG - Меню 'chat' успешно добавлено
2025-04-29 12:30:14,512 - DEBUG - Меню 'settings' успешно добавлено
2025-04-29 12:30:14,512 - DEBUG - Ресурсный путь: assets/admin_icon.png -> C:\Users\Makar\PycharmProjects\makarlauncher\assets/admin_icon.png
2025-04-29 12:30:14,516 - DEBUG - Ресурсный путь: assets/fullscreen_icon.png -> C:\Users\Makar\PycharmProjects\makarlauncher\assets/fullscreen_icon.png
2025-04-29 12:30:14,528 - DEBUG - Переключено на экран: main
2025-04-29 12:30:17,291 - DEBUG - Ресурсный путь: assets/windowed_icon.png -> C:\Users\Makar\PycharmProjects\makarlauncher\assets/windowed_icon.png
2025-04-29 12:30:17,294 - DEBUG - Режим переключен: Оконный
2025-04-29 12:30:27,289 - INFO - Чтение JSON-файла: C:\Users\Makar\PycharmProjects\makarlauncher\data/admins.json
2025-04-29 12:30:28,767 - DEBUG - Админ-панель инициализирована
2025-04-29 12:30:28,786 - INFO - Успешный вход в админ-панель
2025-04-29 12:32:08,735 - DEBUG - Ресурсный путь: assets/fullscreen_icon.png -> C:\Users\Makar\PycharmProjects\makarlauncher\assets/fullscreen_icon.png
2025-04-29 12:32:08,736 - DEBUG - Режим переключен: Полноэкранный
2025-04-29 12:32:09,779 - DEBUG - Ресурсный путь: assets/windowed_icon.png -> C:\Users\Makar\PycharmProjects\makarlauncher\assets/windowed_icon.png
2025-04-29 12:32:09,780 - DEBUG - Режим переключен: Оконный
